2022-10-06 15:43:03 INFO  Log:11 - =====================================createAccountTest TEST START=========================================
2022-10-06 15:43:54 INFO  Log:11 - =====================================createAccountTest TEST START=========================================
2022-10-06 15:44:27 INFO  Log:11 - =====================================createAccountTest TEST START=========================================
2022-10-06 15:44:49 INFO  Log:11 - =====================================verifyCreateAccountPageTest TEST START=========================================
2022-10-06 15:45:22 INFO  Log:11 - =====================================addToCartTest TEST START=========================================
2022-10-06 15:46:06 INFO  Log:15 - =====================================addToCartTest TEST END=========================================
2022-10-06 15:46:22 INFO  Log:11 - =====================================orderHistoryandDetailsTest TEST START=========================================
2022-10-06 15:47:05 INFO  Log:11 - =====================================wishListTest TEST START=========================================
2022-10-06 15:47:53 INFO  Log:15 - =====================================wishListTest TEST END=========================================
2022-10-06 15:48:00 INFO  Log:11 - =====================================verifyTotalPrice TEST START=========================================
2022-10-06 15:48:27 INFO  Log:15 - =====================================verifyTotalPrice TEST END=========================================
2022-10-06 15:48:39 INFO  Log:11 - =====================================productAvailabilityTest TEST START=========================================
2022-10-06 15:48:48 INFO  Log:15 - =====================================productAvailabilityTest TEST END=========================================
2022-10-06 15:48:58 INFO  Log:11 - =====================================loginTest TEST START=========================================
2022-10-06 15:48:58 INFO  Log:22 - user is going to click on SignIn
2022-10-06 15:49:07 INFO  Log:22 - Enter Username and Password
2022-10-06 15:49:23 INFO  Log:22 - Verifying if user is able to login
2022-10-06 15:49:23 INFO  Log:22 - Login is Sucess
2022-10-06 15:49:23 INFO  Log:15 - =====================================loginTest TEST END=========================================
2022-10-06 15:49:32 INFO  Log:11 - =====================================verifyLogo TEST START=========================================
2022-10-06 15:49:32 INFO  Log:15 - =====================================verifyLogo TEST END=========================================
2022-10-06 15:49:42 INFO  Log:11 - =====================================verifyTitle TEST START=========================================
2022-10-06 15:49:53 INFO  Log:11 - =====================================endToEndTest TEST START=========================================
2022-10-06 15:50:57 INFO  Log:15 - =====================================endToEndTest TEST END=========================================
2022-10-07 06:02:59 INFO  Log:11 - =====================================verifyLogo TEST START=========================================
2022-10-07 06:02:59 INFO  Log:15 - =====================================verifyLogo TEST END=========================================
2022-10-07 06:03:13 INFO  Log:11 - =====================================verifyTitle TEST START=========================================
2022-10-07 06:04:03 INFO  Log:11 - =====================================verifyLogo TEST START=========================================
2022-10-07 06:04:03 INFO  Log:15 - =====================================verifyLogo TEST END=========================================
2022-10-07 06:04:11 INFO  Log:11 - =====================================verifyTitle TEST START=========================================
2022-10-07 06:05:51 INFO  Log:11 - =====================================verifyLogo TEST START=========================================
2022-10-07 06:05:51 INFO  Log:15 - =====================================verifyLogo TEST END=========================================
2022-10-07 06:05:57 INFO  Log:11 - =====================================verifyTitle TEST START=========================================
2022-10-07 06:06:18 INFO  Log:11 - =====================================verifyLogo TEST START=========================================
2022-10-07 06:06:18 INFO  Log:15 - =====================================verifyLogo TEST END=========================================
2022-10-07 06:06:24 INFO  Log:11 - =====================================verifyTitle TEST START=========================================
2022-10-07 06:07:43 INFO  Log:11 - =====================================verifyLogo TEST START=========================================
2022-10-07 06:07:43 INFO  Log:15 - =====================================verifyLogo TEST END=========================================
2022-10-07 06:07:48 INFO  Log:11 - =====================================verifyLogo TEST START=========================================
2022-10-07 06:07:48 INFO  Log:15 - =====================================verifyLogo TEST END=========================================
2022-10-07 06:07:49 INFO  Log:11 - =====================================verifyTitle TEST START=========================================
2022-10-07 06:07:55 INFO  Log:11 - =====================================verifyTitle TEST START=========================================
2022-10-07 06:09:29 INFO  Log:11 - =====================================verifyLogo TEST START=========================================
2022-10-07 06:09:30 INFO  Log:15 - =====================================verifyLogo TEST END=========================================
2022-10-07 06:09:35 INFO  Log:11 - =====================================verifyLogo TEST START=========================================
2022-10-07 06:09:35 INFO  Log:15 - =====================================verifyLogo TEST END=========================================
2022-10-07 06:09:35 INFO  Log:11 - =====================================verifyTitle TEST START=========================================
2022-10-07 06:09:41 INFO  Log:11 - =====================================verifyTitle TEST START=========================================
2022-10-07 06:12:20 INFO  Log:11 - =====================================verifyLogo TEST START=========================================
2022-10-07 06:12:21 INFO  Log:15 - =====================================verifyLogo TEST END=========================================
2022-10-07 06:12:25 INFO  Log:11 - =====================================verifyLogo TEST START=========================================
2022-10-07 06:12:25 INFO  Log:15 - =====================================verifyLogo TEST END=========================================
2022-10-07 06:12:25 INFO  Log:11 - =====================================verifyTitle TEST START=========================================
2022-10-07 06:12:31 INFO  Log:11 - =====================================verifyTitle TEST START=========================================
2022-10-07 06:12:54 INFO  Log:11 - =====================================verifyLogo TEST START=========================================
2022-10-07 06:12:54 INFO  Log:15 - =====================================verifyLogo TEST END=========================================
2022-10-07 06:13:00 INFO  Log:11 - =====================================verifyLogo TEST START=========================================
2022-10-07 06:13:00 INFO  Log:15 - =====================================verifyLogo TEST END=========================================
2022-10-07 06:13:00 INFO  Log:11 - =====================================verifyTitle TEST START=========================================
2022-10-07 06:13:06 INFO  Log:11 - =====================================verifyTitle TEST START=========================================
2022-10-07 06:16:20 INFO  Log:11 - =====================================verifyLogo TEST START=========================================
2022-10-07 06:16:20 INFO  Log:15 - =====================================verifyLogo TEST END=========================================
2022-10-07 06:16:25 INFO  Log:11 - =====================================verifyLogo TEST START=========================================
2022-10-07 06:16:25 INFO  Log:15 - =====================================verifyLogo TEST END=========================================
2022-10-07 06:16:25 INFO  Log:11 - =====================================verifyTitle TEST START=========================================
2022-10-07 06:16:25 INFO  Log:15 - =====================================verifyTitle TEST END=========================================
2022-10-07 06:16:31 INFO  Log:11 - =====================================verifyTitle TEST START=========================================
2022-10-07 06:16:31 INFO  Log:15 - =====================================verifyTitle TEST END=========================================
2022-10-07 06:17:04 INFO  Log:11 - =====================================verifyLogo TEST START=========================================
2022-10-07 06:17:04 INFO  Log:15 - =====================================verifyLogo TEST END=========================================
2022-10-07 06:17:09 INFO  Log:11 - =====================================verifyLogo TEST START=========================================
2022-10-07 06:17:09 INFO  Log:15 - =====================================verifyLogo TEST END=========================================
2022-10-07 06:17:10 INFO  Log:11 - =====================================verifyTitle TEST START=========================================
2022-10-07 06:17:10 INFO  Log:15 - =====================================verifyTitle TEST END=========================================
2022-10-07 06:17:15 INFO  Log:11 - =====================================verifyTitle TEST START=========================================
2022-10-07 06:17:15 INFO  Log:15 - =====================================verifyTitle TEST END=========================================
2022-10-07 14:02:00 INFO  Log:11 - =====================================createAccountTest TEST START=========================================
2022-10-07 14:02:31 INFO  Log:11 - =====================================createAccountTest TEST START=========================================
2022-10-07 14:03:25 INFO  Log:11 - =====================================createAccountTest TEST START=========================================
2022-10-07 14:04:06 INFO  Log:11 - =====================================verifyCreateAccountPageTest TEST START=========================================
2022-10-07 14:04:49 INFO  Log:11 - =====================================addToCartTest TEST START=========================================
2022-10-07 14:05:12 INFO  Log:15 - =====================================addToCartTest TEST END=========================================
2022-10-07 14:05:20 INFO  Log:11 - =====================================orderHistoryandDetailsTest TEST START=========================================
2022-10-07 14:05:45 INFO  Log:15 - =====================================orderHistoryandDetailsTest TEST END=========================================
2022-10-07 14:05:53 INFO  Log:11 - =====================================wishListTest TEST START=========================================
2022-10-07 14:06:12 INFO  Log:11 - =====================================verifyTotalPrice TEST START=========================================
2022-10-07 14:06:59 INFO  Log:11 - =====================================productAvailabilityTest TEST START=========================================
2022-10-07 14:07:07 INFO  Log:15 - =====================================productAvailabilityTest TEST END=========================================
2022-10-07 14:07:15 INFO  Log:11 - =====================================loginTest TEST START=========================================
2022-10-07 14:07:15 INFO  Log:22 - user is going to click on SignIn
2022-10-07 14:07:26 INFO  Log:22 - Enter Username and Password
2022-10-07 14:07:31 INFO  Log:22 - Verifying if user is able to login
2022-10-07 14:07:31 INFO  Log:22 - Login is Sucess
2022-10-07 14:07:31 INFO  Log:15 - =====================================loginTest TEST END=========================================
2022-10-07 14:07:38 INFO  Log:11 - =====================================verifyLogo TEST START=========================================
2022-10-07 14:07:38 INFO  Log:15 - =====================================verifyLogo TEST END=========================================
2022-10-07 14:07:44 INFO  Log:11 - =====================================verifyTitle TEST START=========================================
2022-10-07 14:07:44 INFO  Log:15 - =====================================verifyTitle TEST END=========================================
2022-10-07 14:07:50 INFO  Log:11 - =====================================endToEndTest TEST START=========================================
2022-10-07 14:08:42 INFO  Log:15 - =====================================endToEndTest TEST END=========================================
2022-10-07 14:08:42 DEBUG cache:45 - Couldn't find template in cache for "v3html/v3-html-index.ftl"("en", UTF-8, parsed); will try to load it.
2022-10-07 14:08:42 DEBUG cache:45 - TemplateLoader.findTemplateSource("v3html/v3-html-index_en.ftl"): Not found
2022-10-07 14:08:42 DEBUG cache:45 - TemplateLoader.findTemplateSource("v3html/v3-html-index.ftl"): Found
2022-10-07 14:08:42 DEBUG cache:45 - Loading template for "v3html/v3-html-index.ftl"("en", UTF-8, parsed) from "jar:file:/C:/Users/HOSSAM%20DARWISH/.m2/repository/com/aventstack/extentreports/4.0.9/extentreports-4.0.9.jar!/com/aventstack/extentreports/view/v3html/v3-html-index.ftl"
2022-10-07 14:08:42 DEBUG cache:45 - Couldn't find template in cache for "v3html/v3-html-head.ftl"("en", UTF-8, parsed); will try to load it.
2022-10-07 14:08:42 DEBUG cache:45 - TemplateLoader.findTemplateSource("v3html/v3-html-head_en.ftl"): Not found
2022-10-07 14:08:43 DEBUG cache:45 - TemplateLoader.findTemplateSource("v3html/v3-html-head.ftl"): Found
2022-10-07 14:08:43 DEBUG cache:45 - Loading template for "v3html/v3-html-head.ftl"("en", UTF-8, parsed) from "jar:file:/C:/Users/HOSSAM%20DARWISH/.m2/repository/com/aventstack/extentreports/4.0.9/extentreports-4.0.9.jar!/com/aventstack/extentreports/view/v3html/v3-html-head.ftl"
2022-10-07 14:08:43 DEBUG cache:45 - Couldn't find template in cache for "v3html/v3-html-nav.ftl"("en", UTF-8, parsed); will try to load it.
2022-10-07 14:08:43 DEBUG cache:45 - TemplateLoader.findTemplateSource("v3html/v3-html-nav_en.ftl"): Not found
2022-10-07 14:08:43 DEBUG cache:45 - TemplateLoader.findTemplateSource("v3html/v3-html-nav.ftl"): Found
2022-10-07 14:08:43 DEBUG cache:45 - Loading template for "v3html/v3-html-nav.ftl"("en", UTF-8, parsed) from "jar:file:/C:/Users/HOSSAM%20DARWISH/.m2/repository/com/aventstack/extentreports/4.0.9/extentreports-4.0.9.jar!/com/aventstack/extentreports/view/v3html/v3-html-nav.ftl"
2022-10-07 14:08:43 DEBUG cache:45 - Couldn't find template in cache for "v3html/test-view/v3-html-test-view.ftl"("en", UTF-8, parsed); will try to load it.
2022-10-07 14:08:43 DEBUG cache:45 - TemplateLoader.findTemplateSource("v3html/test-view/v3-html-test-view_en.ftl"): Not found
2022-10-07 14:08:43 DEBUG cache:45 - TemplateLoader.findTemplateSource("v3html/test-view/v3-html-test-view.ftl"): Found
2022-10-07 14:08:43 DEBUG cache:45 - Loading template for "v3html/test-view/v3-html-test-view.ftl"("en", UTF-8, parsed) from "jar:file:/C:/Users/HOSSAM%20DARWISH/.m2/repository/com/aventstack/extentreports/4.0.9/extentreports-4.0.9.jar!/com/aventstack/extentreports/view/v3html/test-view/v3-html-test-view.ftl"
2022-10-07 14:08:43 DEBUG cache:45 - Couldn't find template in cache for "v3html/test-view/v3-html-test-view-charts.ftl"("en", UTF-8, parsed); will try to load it.
2022-10-07 14:08:43 DEBUG cache:45 - TemplateLoader.findTemplateSource("v3html/test-view/v3-html-test-view-charts_en.ftl"): Not found
2022-10-07 14:08:43 DEBUG cache:45 - TemplateLoader.findTemplateSource("v3html/test-view/v3-html-test-view-charts.ftl"): Found
2022-10-07 14:08:43 DEBUG cache:45 - Loading template for "v3html/test-view/v3-html-test-view-charts.ftl"("en", UTF-8, parsed) from "jar:file:/C:/Users/HOSSAM%20DARWISH/.m2/repository/com/aventstack/extentreports/4.0.9/extentreports-4.0.9.jar!/com/aventstack/extentreports/view/v3html/test-view/v3-html-test-view-charts.ftl"
2022-10-07 14:08:43 DEBUG cache:45 - Couldn't find template in cache for "v3html/test-view/v3-html-standard.ftl"("en", UTF-8, parsed); will try to load it.
2022-10-07 14:08:43 DEBUG cache:45 - TemplateLoader.findTemplateSource("v3html/test-view/v3-html-standard_en.ftl"): Not found
2022-10-07 14:08:43 DEBUG cache:45 - TemplateLoader.findTemplateSource("v3html/test-view/v3-html-standard.ftl"): Found
2022-10-07 14:08:43 DEBUG cache:45 - Loading template for "v3html/test-view/v3-html-standard.ftl"("en", UTF-8, parsed) from "jar:file:/C:/Users/HOSSAM%20DARWISH/.m2/repository/com/aventstack/extentreports/4.0.9/extentreports-4.0.9.jar!/com/aventstack/extentreports/view/v3html/test-view/v3-html-standard.ftl"
2022-10-07 14:08:43 DEBUG cache:45 - "v3html/test-view/v3-html-standard.ftl"("en", UTF-8, parsed) cached copy not yet stale; using cached.
2022-10-07 14:08:43 DEBUG cache:45 - "v3html/test-view/v3-html-standard.ftl"("en", UTF-8, parsed) cached copy not yet stale; using cached.
2022-10-07 14:08:43 DEBUG cache:45 - "v3html/test-view/v3-html-standard.ftl"("en", UTF-8, parsed) cached copy not yet stale; using cached.
2022-10-07 14:08:43 DEBUG cache:45 - "v3html/test-view/v3-html-standard.ftl"("en", UTF-8, parsed) cached copy not yet stale; using cached.
2022-10-07 14:08:43 DEBUG cache:45 - "v3html/test-view/v3-html-standard.ftl"("en", UTF-8, parsed) cached copy not yet stale; using cached.
2022-10-07 14:08:43 DEBUG cache:45 - "v3html/test-view/v3-html-standard.ftl"("en", UTF-8, parsed) cached copy not yet stale; using cached.
2022-10-07 14:08:43 DEBUG cache:45 - "v3html/test-view/v3-html-standard.ftl"("en", UTF-8, parsed) cached copy not yet stale; using cached.
2022-10-07 14:08:43 DEBUG cache:45 - "v3html/test-view/v3-html-standard.ftl"("en", UTF-8, parsed) cached copy not yet stale; using cached.
2022-10-07 14:08:43 DEBUG cache:45 - "v3html/test-view/v3-html-standard.ftl"("en", UTF-8, parsed) cached copy not yet stale; using cached.
2022-10-07 14:08:43 DEBUG cache:45 - "v3html/test-view/v3-html-standard.ftl"("en", UTF-8, parsed) cached copy not yet stale; using cached.
2022-10-07 14:08:43 DEBUG cache:45 - "v3html/test-view/v3-html-standard.ftl"("en", UTF-8, parsed) cached copy not yet stale; using cached.
2022-10-07 14:08:43 DEBUG cache:45 - "v3html/test-view/v3-html-standard.ftl"("en", UTF-8, parsed) cached copy not yet stale; using cached.
2022-10-07 14:08:43 DEBUG cache:45 - Couldn't find template in cache for "v3html/category-view/v3-html-category-view.ftl"("en", UTF-8, parsed); will try to load it.
2022-10-07 14:08:43 DEBUG cache:45 - TemplateLoader.findTemplateSource("v3html/category-view/v3-html-category-view_en.ftl"): Not found
2022-10-07 14:08:43 DEBUG cache:45 - TemplateLoader.findTemplateSource("v3html/category-view/v3-html-category-view.ftl"): Found
2022-10-07 14:08:43 DEBUG cache:45 - Loading template for "v3html/category-view/v3-html-category-view.ftl"("en", UTF-8, parsed) from "jar:file:/C:/Users/HOSSAM%20DARWISH/.m2/repository/com/aventstack/extentreports/4.0.9/extentreports-4.0.9.jar!/com/aventstack/extentreports/view/v3html/category-view/v3-html-category-view.ftl"
2022-10-07 14:08:43 DEBUG cache:45 - Couldn't find template in cache for "v3html/exception-view/v3-html-exception-view.ftl"("en", UTF-8, parsed); will try to load it.
2022-10-07 14:08:43 DEBUG cache:45 - TemplateLoader.findTemplateSource("v3html/exception-view/v3-html-exception-view_en.ftl"): Not found
2022-10-07 14:08:43 DEBUG cache:45 - TemplateLoader.findTemplateSource("v3html/exception-view/v3-html-exception-view.ftl"): Found
2022-10-07 14:08:43 DEBUG cache:45 - Loading template for "v3html/exception-view/v3-html-exception-view.ftl"("en", UTF-8, parsed) from "jar:file:/C:/Users/HOSSAM%20DARWISH/.m2/repository/com/aventstack/extentreports/4.0.9/extentreports-4.0.9.jar!/com/aventstack/extentreports/view/v3html/exception-view/v3-html-exception-view.ftl"
2022-10-07 14:08:43 DEBUG cache:45 - Couldn't find template in cache for "v3html/author-view/v3-html-author-view.ftl"("en", UTF-8, parsed); will try to load it.
2022-10-07 14:08:43 DEBUG cache:45 - TemplateLoader.findTemplateSource("v3html/author-view/v3-html-author-view_en.ftl"): Not found
2022-10-07 14:08:43 DEBUG cache:45 - TemplateLoader.findTemplateSource("v3html/author-view/v3-html-author-view.ftl"): Found
2022-10-07 14:08:43 DEBUG cache:45 - Loading template for "v3html/author-view/v3-html-author-view.ftl"("en", UTF-8, parsed) from "jar:file:/C:/Users/HOSSAM%20DARWISH/.m2/repository/com/aventstack/extentreports/4.0.9/extentreports-4.0.9.jar!/com/aventstack/extentreports/view/v3html/author-view/v3-html-author-view.ftl"
2022-10-07 14:08:43 DEBUG cache:45 - Couldn't find template in cache for "v3html/dashboard-view/v3-html-dashboard-view.ftl"("en", UTF-8, parsed); will try to load it.
2022-10-07 14:08:43 DEBUG cache:45 - TemplateLoader.findTemplateSource("v3html/dashboard-view/v3-html-dashboard-view_en.ftl"): Not found
2022-10-07 14:08:43 DEBUG cache:45 - TemplateLoader.findTemplateSource("v3html/dashboard-view/v3-html-dashboard-view.ftl"): Found
2022-10-07 14:08:43 DEBUG cache:45 - Loading template for "v3html/dashboard-view/v3-html-dashboard-view.ftl"("en", UTF-8, parsed) from "jar:file:/C:/Users/HOSSAM%20DARWISH/.m2/repository/com/aventstack/extentreports/4.0.9/extentreports-4.0.9.jar!/com/aventstack/extentreports/view/v3html/dashboard-view/v3-html-dashboard-view.ftl"
2022-10-07 14:08:43 DEBUG cache:45 - Couldn't find template in cache for "v3html/logs-view/v3-html-testrunner-logs-view.ftl"("en", UTF-8, parsed); will try to load it.
2022-10-07 14:08:43 DEBUG cache:45 - TemplateLoader.findTemplateSource("v3html/logs-view/v3-html-testrunner-logs-view_en.ftl"): Not found
2022-10-07 14:08:43 DEBUG cache:45 - TemplateLoader.findTemplateSource("v3html/logs-view/v3-html-testrunner-logs-view.ftl"): Found
2022-10-07 14:08:43 DEBUG cache:45 - Loading template for "v3html/logs-view/v3-html-testrunner-logs-view.ftl"("en", UTF-8, parsed) from "jar:file:/C:/Users/HOSSAM%20DARWISH/.m2/repository/com/aventstack/extentreports/4.0.9/extentreports-4.0.9.jar!/com/aventstack/extentreports/view/v3html/logs-view/v3-html-testrunner-logs-view.ftl"
2022-10-07 14:58:04 INFO  Log:11 - =====================================createAccountTest TEST START=========================================
2022-10-07 14:58:20 INFO  Log:15 - =====================================createAccountTest TEST END=========================================
2022-10-07 14:58:28 INFO  Log:11 - =====================================createAccountTest TEST START=========================================
2022-10-07 14:58:51 INFO  Log:15 - =====================================createAccountTest TEST END=========================================
2022-10-07 14:58:59 INFO  Log:11 - =====================================createAccountTest TEST START=========================================
2022-10-07 14:59:16 INFO  Log:15 - =====================================createAccountTest TEST END=========================================
2022-10-07 14:59:23 INFO  Log:11 - =====================================verifyCreateAccountPageTest TEST START=========================================
2022-10-07 14:59:36 INFO  Log:15 - =====================================verifyCreateAccountPageTest TEST END=========================================
2022-10-07 14:59:48 INFO  Log:11 - =====================================addToCartTest TEST START=========================================
2022-10-07 15:00:11 INFO  Log:15 - =====================================addToCartTest TEST END=========================================
2022-10-07 15:00:21 INFO  Log:11 - =====================================orderHistoryandDetailsTest TEST START=========================================
2022-10-07 15:00:40 INFO  Log:15 - =====================================orderHistoryandDetailsTest TEST END=========================================
2022-10-07 15:00:45 INFO  Log:11 - =====================================orderHistoryandDetailsTest TEST START=========================================
2022-10-07 15:01:26 INFO  Log:11 - =====================================wishListTest TEST START=========================================
2022-10-07 15:02:01 INFO  Log:15 - =====================================wishListTest TEST END=========================================
2022-10-07 15:02:13 INFO  Log:11 - =====================================wishListTest TEST START=========================================
2022-10-07 15:02:53 INFO  Log:11 - =====================================verifyTotalPrice TEST START=========================================
2022-10-07 15:03:19 INFO  Log:15 - =====================================verifyTotalPrice TEST END=========================================
2022-10-07 15:03:28 INFO  Log:11 - =====================================productAvailabilityTest TEST START=========================================
2022-10-07 15:03:33 INFO  Log:15 - =====================================productAvailabilityTest TEST END=========================================
2022-10-07 15:03:39 INFO  Log:11 - =====================================loginTest TEST START=========================================
2022-10-07 15:03:39 INFO  Log:22 - user is going to click on SignIn
2022-10-07 15:03:54 INFO  Log:22 - Enter Username and Password
2022-10-07 15:04:11 INFO  Log:22 - Verifying if user is able to login
2022-10-07 15:04:11 INFO  Log:22 - Login is Sucess
2022-10-07 15:04:11 INFO  Log:15 - =====================================loginTest TEST END=========================================
2022-10-07 15:04:23 INFO  Log:11 - =====================================loginTest TEST START=========================================
2022-10-07 15:04:23 INFO  Log:22 - user is going to click on SignIn
2022-10-07 15:04:34 INFO  Log:22 - Enter Username and Password
2022-10-07 15:04:43 INFO  Log:22 - Verifying if user is able to login
2022-10-07 15:04:52 INFO  Log:11 - =====================================verifyLogo TEST START=========================================
2022-10-07 15:04:52 INFO  Log:15 - =====================================verifyLogo TEST END=========================================
2022-10-07 15:05:03 INFO  Log:11 - =====================================verifyTitle TEST START=========================================
2022-10-07 15:05:03 INFO  Log:15 - =====================================verifyTitle TEST END=========================================
2022-10-07 15:05:13 INFO  Log:11 - =====================================endToEndTest TEST START=========================================
2022-10-07 15:06:39 INFO  Log:15 - =====================================endToEndTest TEST END=========================================
2022-10-07 15:06:40 DEBUG cache:45 - Couldn't find template in cache for "v3html/v3-html-index.ftl"("en", UTF-8, parsed); will try to load it.
2022-10-07 15:06:40 DEBUG cache:45 - TemplateLoader.findTemplateSource("v3html/v3-html-index_en.ftl"): Not found
2022-10-07 15:06:40 DEBUG cache:45 - TemplateLoader.findTemplateSource("v3html/v3-html-index.ftl"): Found
2022-10-07 15:06:40 DEBUG cache:45 - Loading template for "v3html/v3-html-index.ftl"("en", UTF-8, parsed) from "jar:file:/C:/Users/HOSSAM%20DARWISH/.m2/repository/com/aventstack/extentreports/4.0.9/extentreports-4.0.9.jar!/com/aventstack/extentreports/view/v3html/v3-html-index.ftl"
2022-10-07 15:06:40 DEBUG cache:45 - Couldn't find template in cache for "v3html/v3-html-head.ftl"("en", UTF-8, parsed); will try to load it.
2022-10-07 15:06:40 DEBUG cache:45 - TemplateLoader.findTemplateSource("v3html/v3-html-head_en.ftl"): Not found
2022-10-07 15:06:40 DEBUG cache:45 - TemplateLoader.findTemplateSource("v3html/v3-html-head.ftl"): Found
2022-10-07 15:06:40 DEBUG cache:45 - Loading template for "v3html/v3-html-head.ftl"("en", UTF-8, parsed) from "jar:file:/C:/Users/HOSSAM%20DARWISH/.m2/repository/com/aventstack/extentreports/4.0.9/extentreports-4.0.9.jar!/com/aventstack/extentreports/view/v3html/v3-html-head.ftl"
2022-10-07 15:06:40 DEBUG cache:45 - Couldn't find template in cache for "v3html/v3-html-nav.ftl"("en", UTF-8, parsed); will try to load it.
2022-10-07 15:06:40 DEBUG cache:45 - TemplateLoader.findTemplateSource("v3html/v3-html-nav_en.ftl"): Not found
2022-10-07 15:06:40 DEBUG cache:45 - TemplateLoader.findTemplateSource("v3html/v3-html-nav.ftl"): Found
2022-10-07 15:06:40 DEBUG cache:45 - Loading template for "v3html/v3-html-nav.ftl"("en", UTF-8, parsed) from "jar:file:/C:/Users/HOSSAM%20DARWISH/.m2/repository/com/aventstack/extentreports/4.0.9/extentreports-4.0.9.jar!/com/aventstack/extentreports/view/v3html/v3-html-nav.ftl"
2022-10-07 15:06:40 DEBUG cache:45 - Couldn't find template in cache for "v3html/test-view/v3-html-test-view.ftl"("en", UTF-8, parsed); will try to load it.
2022-10-07 15:06:40 DEBUG cache:45 - TemplateLoader.findTemplateSource("v3html/test-view/v3-html-test-view_en.ftl"): Not found
2022-10-07 15:06:40 DEBUG cache:45 - TemplateLoader.findTemplateSource("v3html/test-view/v3-html-test-view.ftl"): Found
2022-10-07 15:06:40 DEBUG cache:45 - Loading template for "v3html/test-view/v3-html-test-view.ftl"("en", UTF-8, parsed) from "jar:file:/C:/Users/HOSSAM%20DARWISH/.m2/repository/com/aventstack/extentreports/4.0.9/extentreports-4.0.9.jar!/com/aventstack/extentreports/view/v3html/test-view/v3-html-test-view.ftl"
2022-10-07 15:06:40 DEBUG cache:45 - Couldn't find template in cache for "v3html/test-view/v3-html-test-view-charts.ftl"("en", UTF-8, parsed); will try to load it.
2022-10-07 15:06:40 DEBUG cache:45 - TemplateLoader.findTemplateSource("v3html/test-view/v3-html-test-view-charts_en.ftl"): Not found
2022-10-07 15:06:40 DEBUG cache:45 - TemplateLoader.findTemplateSource("v3html/test-view/v3-html-test-view-charts.ftl"): Found
2022-10-07 15:06:40 DEBUG cache:45 - Loading template for "v3html/test-view/v3-html-test-view-charts.ftl"("en", UTF-8, parsed) from "jar:file:/C:/Users/HOSSAM%20DARWISH/.m2/repository/com/aventstack/extentreports/4.0.9/extentreports-4.0.9.jar!/com/aventstack/extentreports/view/v3html/test-view/v3-html-test-view-charts.ftl"
2022-10-07 15:06:40 DEBUG cache:45 - Couldn't find template in cache for "v3html/test-view/v3-html-standard.ftl"("en", UTF-8, parsed); will try to load it.
2022-10-07 15:06:40 DEBUG cache:45 - TemplateLoader.findTemplateSource("v3html/test-view/v3-html-standard_en.ftl"): Not found
2022-10-07 15:06:40 DEBUG cache:45 - TemplateLoader.findTemplateSource("v3html/test-view/v3-html-standard.ftl"): Found
2022-10-07 15:06:40 DEBUG cache:45 - Loading template for "v3html/test-view/v3-html-standard.ftl"("en", UTF-8, parsed) from "jar:file:/C:/Users/HOSSAM%20DARWISH/.m2/repository/com/aventstack/extentreports/4.0.9/extentreports-4.0.9.jar!/com/aventstack/extentreports/view/v3html/test-view/v3-html-standard.ftl"
2022-10-07 15:06:40 DEBUG cache:45 - "v3html/test-view/v3-html-standard.ftl"("en", UTF-8, parsed) cached copy not yet stale; using cached.
2022-10-07 15:06:40 DEBUG cache:45 - "v3html/test-view/v3-html-standard.ftl"("en", UTF-8, parsed) cached copy not yet stale; using cached.
2022-10-07 15:06:40 DEBUG cache:45 - "v3html/test-view/v3-html-standard.ftl"("en", UTF-8, parsed) cached copy not yet stale; using cached.
2022-10-07 15:06:40 DEBUG cache:45 - "v3html/test-view/v3-html-standard.ftl"("en", UTF-8, parsed) cached copy not yet stale; using cached.
2022-10-07 15:06:40 DEBUG cache:45 - "v3html/test-view/v3-html-standard.ftl"("en", UTF-8, parsed) cached copy not yet stale; using cached.
2022-10-07 15:06:40 DEBUG cache:45 - "v3html/test-view/v3-html-standard.ftl"("en", UTF-8, parsed) cached copy not yet stale; using cached.
2022-10-07 15:06:40 DEBUG cache:45 - "v3html/test-view/v3-html-standard.ftl"("en", UTF-8, parsed) cached copy not yet stale; using cached.
2022-10-07 15:06:40 DEBUG cache:45 - "v3html/test-view/v3-html-standard.ftl"("en", UTF-8, parsed) cached copy not yet stale; using cached.
2022-10-07 15:06:40 DEBUG cache:45 - "v3html/test-view/v3-html-standard.ftl"("en", UTF-8, parsed) cached copy not yet stale; using cached.
2022-10-07 15:06:40 DEBUG cache:45 - "v3html/test-view/v3-html-standard.ftl"("en", UTF-8, parsed) cached copy not yet stale; using cached.
2022-10-07 15:06:40 DEBUG cache:45 - "v3html/test-view/v3-html-standard.ftl"("en", UTF-8, parsed) cached copy not yet stale; using cached.
2022-10-07 15:06:40 DEBUG cache:45 - "v3html/test-view/v3-html-standard.ftl"("en", UTF-8, parsed) cached copy not yet stale; using cached.
2022-10-07 15:06:40 DEBUG cache:45 - "v3html/test-view/v3-html-standard.ftl"("en", UTF-8, parsed) cached copy not yet stale; using cached.
2022-10-07 15:06:40 DEBUG cache:45 - "v3html/test-view/v3-html-standard.ftl"("en", UTF-8, parsed) cached copy not yet stale; using cached.
2022-10-07 15:06:40 DEBUG cache:45 - "v3html/test-view/v3-html-standard.ftl"("en", UTF-8, parsed) cached copy not yet stale; using cached.
2022-10-07 15:06:40 DEBUG cache:45 - Couldn't find template in cache for "v3html/category-view/v3-html-category-view.ftl"("en", UTF-8, parsed); will try to load it.
2022-10-07 15:06:40 DEBUG cache:45 - TemplateLoader.findTemplateSource("v3html/category-view/v3-html-category-view_en.ftl"): Not found
2022-10-07 15:06:40 DEBUG cache:45 - TemplateLoader.findTemplateSource("v3html/category-view/v3-html-category-view.ftl"): Found
2022-10-07 15:06:40 DEBUG cache:45 - Loading template for "v3html/category-view/v3-html-category-view.ftl"("en", UTF-8, parsed) from "jar:file:/C:/Users/HOSSAM%20DARWISH/.m2/repository/com/aventstack/extentreports/4.0.9/extentreports-4.0.9.jar!/com/aventstack/extentreports/view/v3html/category-view/v3-html-category-view.ftl"
2022-10-07 15:06:40 DEBUG cache:45 - Couldn't find template in cache for "v3html/exception-view/v3-html-exception-view.ftl"("en", UTF-8, parsed); will try to load it.
2022-10-07 15:06:40 DEBUG cache:45 - TemplateLoader.findTemplateSource("v3html/exception-view/v3-html-exception-view_en.ftl"): Not found
2022-10-07 15:06:40 DEBUG cache:45 - TemplateLoader.findTemplateSource("v3html/exception-view/v3-html-exception-view.ftl"): Found
2022-10-07 15:06:40 DEBUG cache:45 - Loading template for "v3html/exception-view/v3-html-exception-view.ftl"("en", UTF-8, parsed) from "jar:file:/C:/Users/HOSSAM%20DARWISH/.m2/repository/com/aventstack/extentreports/4.0.9/extentreports-4.0.9.jar!/com/aventstack/extentreports/view/v3html/exception-view/v3-html-exception-view.ftl"
2022-10-07 15:06:40 DEBUG cache:45 - Couldn't find template in cache for "v3html/author-view/v3-html-author-view.ftl"("en", UTF-8, parsed); will try to load it.
2022-10-07 15:06:40 DEBUG cache:45 - TemplateLoader.findTemplateSource("v3html/author-view/v3-html-author-view_en.ftl"): Not found
2022-10-07 15:06:40 DEBUG cache:45 - TemplateLoader.findTemplateSource("v3html/author-view/v3-html-author-view.ftl"): Found
2022-10-07 15:06:40 DEBUG cache:45 - Loading template for "v3html/author-view/v3-html-author-view.ftl"("en", UTF-8, parsed) from "jar:file:/C:/Users/HOSSAM%20DARWISH/.m2/repository/com/aventstack/extentreports/4.0.9/extentreports-4.0.9.jar!/com/aventstack/extentreports/view/v3html/author-view/v3-html-author-view.ftl"
2022-10-07 15:06:40 DEBUG cache:45 - Couldn't find template in cache for "v3html/dashboard-view/v3-html-dashboard-view.ftl"("en", UTF-8, parsed); will try to load it.
2022-10-07 15:06:40 DEBUG cache:45 - TemplateLoader.findTemplateSource("v3html/dashboard-view/v3-html-dashboard-view_en.ftl"): Not found
2022-10-07 15:06:40 DEBUG cache:45 - TemplateLoader.findTemplateSource("v3html/dashboard-view/v3-html-dashboard-view.ftl"): Found
2022-10-07 15:06:40 DEBUG cache:45 - Loading template for "v3html/dashboard-view/v3-html-dashboard-view.ftl"("en", UTF-8, parsed) from "jar:file:/C:/Users/HOSSAM%20DARWISH/.m2/repository/com/aventstack/extentreports/4.0.9/extentreports-4.0.9.jar!/com/aventstack/extentreports/view/v3html/dashboard-view/v3-html-dashboard-view.ftl"
2022-10-07 15:06:40 DEBUG cache:45 - Couldn't find template in cache for "v3html/logs-view/v3-html-testrunner-logs-view.ftl"("en", UTF-8, parsed); will try to load it.
2022-10-07 15:06:40 DEBUG cache:45 - TemplateLoader.findTemplateSource("v3html/logs-view/v3-html-testrunner-logs-view_en.ftl"): Not found
2022-10-07 15:06:40 DEBUG cache:45 - TemplateLoader.findTemplateSource("v3html/logs-view/v3-html-testrunner-logs-view.ftl"): Found
2022-10-07 15:06:40 DEBUG cache:45 - Loading template for "v3html/logs-view/v3-html-testrunner-logs-view.ftl"("en", UTF-8, parsed) from "jar:file:/C:/Users/HOSSAM%20DARWISH/.m2/repository/com/aventstack/extentreports/4.0.9/extentreports-4.0.9.jar!/com/aventstack/extentreports/view/v3html/logs-view/v3-html-testrunner-logs-view.ftl"
2022-10-08 09:48:13 INFO  Log:11 - =====================================createAccountTest TEST START=========================================
2022-10-08 09:48:35 INFO  Log:11 - =====================================createAccountTest TEST START=========================================
2022-10-08 09:48:58 INFO  Log:11 - =====================================createAccountTest TEST START=========================================
2022-10-08 09:49:23 INFO  Log:11 - =====================================verifyCreateAccountPageTest TEST START=========================================
2022-10-08 09:49:31 INFO  Log:15 - =====================================verifyCreateAccountPageTest TEST END=========================================
2022-10-08 09:49:37 INFO  Log:11 - =====================================addToCartTest TEST START=========================================
2022-10-08 09:49:47 INFO  Log:15 - =====================================addToCartTest TEST END=========================================
2022-10-08 09:49:53 INFO  Log:11 - =====================================orderHistoryandDetailsTest TEST START=========================================
2022-10-08 09:50:06 INFO  Log:15 - =====================================orderHistoryandDetailsTest TEST END=========================================
2022-10-08 09:50:12 INFO  Log:11 - =====================================orderHistoryandDetailsTest TEST START=========================================
2022-10-08 09:50:40 INFO  Log:11 - =====================================wishListTest TEST START=========================================
2022-10-08 09:50:50 INFO  Log:15 - =====================================wishListTest TEST END=========================================
2022-10-08 09:50:58 INFO  Log:11 - =====================================wishListTest TEST START=========================================
2022-10-08 09:51:23 INFO  Log:11 - =====================================verifyTotalPrice TEST START=========================================
2022-10-08 09:51:36 INFO  Log:15 - =====================================verifyTotalPrice TEST END=========================================
2022-10-08 09:51:42 INFO  Log:11 - =====================================productAvailabilityTest TEST START=========================================
2022-10-08 09:51:47 INFO  Log:15 - =====================================productAvailabilityTest TEST END=========================================
2022-10-08 09:51:54 INFO  Log:11 - =====================================loginTest TEST START=========================================
2022-10-08 09:51:54 INFO  Log:22 - user is going to click on SignIn
2022-10-08 09:52:00 INFO  Log:22 - Enter Username and Password
2022-10-08 09:52:05 INFO  Log:22 - Verifying if user is able to login
2022-10-08 09:52:05 INFO  Log:22 - Login is Sucess
2022-10-08 09:52:05 INFO  Log:15 - =====================================loginTest TEST END=========================================
2022-10-08 09:52:10 INFO  Log:11 - =====================================loginTest TEST START=========================================
2022-10-08 09:52:10 INFO  Log:22 - user is going to click on SignIn
2022-10-08 09:52:19 INFO  Log:22 - Enter Username and Password
2022-10-08 09:52:23 INFO  Log:22 - Verifying if user is able to login
2022-10-08 09:52:32 INFO  Log:11 - =====================================verifyLogo TEST START=========================================
2022-10-08 09:52:32 INFO  Log:15 - =====================================verifyLogo TEST END=========================================
2022-10-08 09:52:38 INFO  Log:11 - =====================================verifyTitle TEST START=========================================
2022-10-08 09:52:38 INFO  Log:15 - =====================================verifyTitle TEST END=========================================
2022-10-08 09:52:45 INFO  Log:11 - =====================================endToEndTest TEST START=========================================
2022-10-08 09:53:13 INFO  Log:15 - =====================================endToEndTest TEST END=========================================
2022-10-08 09:53:13 DEBUG cache:45 - Couldn't find template in cache for "v3html/v3-html-index.ftl"("en", UTF-8, parsed); will try to load it.
2022-10-08 09:53:13 DEBUG cache:45 - TemplateLoader.findTemplateSource("v3html/v3-html-index_en.ftl"): Not found
2022-10-08 09:53:13 DEBUG cache:45 - TemplateLoader.findTemplateSource("v3html/v3-html-index.ftl"): Found
2022-10-08 09:53:13 DEBUG cache:45 - Loading template for "v3html/v3-html-index.ftl"("en", UTF-8, parsed) from "jar:file:/C:/Users/HOSSAM%20DARWISH/.m2/repository/com/aventstack/extentreports/4.0.9/extentreports-4.0.9.jar!/com/aventstack/extentreports/view/v3html/v3-html-index.ftl"
2022-10-08 09:53:13 DEBUG cache:45 - Couldn't find template in cache for "v3html/v3-html-head.ftl"("en", UTF-8, parsed); will try to load it.
2022-10-08 09:53:13 DEBUG cache:45 - TemplateLoader.findTemplateSource("v3html/v3-html-head_en.ftl"): Not found
2022-10-08 09:53:13 DEBUG cache:45 - TemplateLoader.findTemplateSource("v3html/v3-html-head.ftl"): Found
2022-10-08 09:53:13 DEBUG cache:45 - Loading template for "v3html/v3-html-head.ftl"("en", UTF-8, parsed) from "jar:file:/C:/Users/HOSSAM%20DARWISH/.m2/repository/com/aventstack/extentreports/4.0.9/extentreports-4.0.9.jar!/com/aventstack/extentreports/view/v3html/v3-html-head.ftl"
2022-10-08 09:53:13 DEBUG cache:45 - Couldn't find template in cache for "v3html/v3-html-nav.ftl"("en", UTF-8, parsed); will try to load it.
2022-10-08 09:53:13 DEBUG cache:45 - TemplateLoader.findTemplateSource("v3html/v3-html-nav_en.ftl"): Not found
2022-10-08 09:53:13 DEBUG cache:45 - TemplateLoader.findTemplateSource("v3html/v3-html-nav.ftl"): Found
2022-10-08 09:53:13 DEBUG cache:45 - Loading template for "v3html/v3-html-nav.ftl"("en", UTF-8, parsed) from "jar:file:/C:/Users/HOSSAM%20DARWISH/.m2/repository/com/aventstack/extentreports/4.0.9/extentreports-4.0.9.jar!/com/aventstack/extentreports/view/v3html/v3-html-nav.ftl"
2022-10-08 09:53:13 DEBUG cache:45 - Couldn't find template in cache for "v3html/test-view/v3-html-test-view.ftl"("en", UTF-8, parsed); will try to load it.
2022-10-08 09:53:13 DEBUG cache:45 - TemplateLoader.findTemplateSource("v3html/test-view/v3-html-test-view_en.ftl"): Not found
2022-10-08 09:53:13 DEBUG cache:45 - TemplateLoader.findTemplateSource("v3html/test-view/v3-html-test-view.ftl"): Found
2022-10-08 09:53:13 DEBUG cache:45 - Loading template for "v3html/test-view/v3-html-test-view.ftl"("en", UTF-8, parsed) from "jar:file:/C:/Users/HOSSAM%20DARWISH/.m2/repository/com/aventstack/extentreports/4.0.9/extentreports-4.0.9.jar!/com/aventstack/extentreports/view/v3html/test-view/v3-html-test-view.ftl"
2022-10-08 09:53:13 DEBUG cache:45 - Couldn't find template in cache for "v3html/test-view/v3-html-test-view-charts.ftl"("en", UTF-8, parsed); will try to load it.
2022-10-08 09:53:13 DEBUG cache:45 - TemplateLoader.findTemplateSource("v3html/test-view/v3-html-test-view-charts_en.ftl"): Not found
2022-10-08 09:53:13 DEBUG cache:45 - TemplateLoader.findTemplateSource("v3html/test-view/v3-html-test-view-charts.ftl"): Found
2022-10-08 09:53:13 DEBUG cache:45 - Loading template for "v3html/test-view/v3-html-test-view-charts.ftl"("en", UTF-8, parsed) from "jar:file:/C:/Users/HOSSAM%20DARWISH/.m2/repository/com/aventstack/extentreports/4.0.9/extentreports-4.0.9.jar!/com/aventstack/extentreports/view/v3html/test-view/v3-html-test-view-charts.ftl"
2022-10-08 09:53:13 DEBUG cache:45 - Couldn't find template in cache for "v3html/test-view/v3-html-standard.ftl"("en", UTF-8, parsed); will try to load it.
2022-10-08 09:53:13 DEBUG cache:45 - TemplateLoader.findTemplateSource("v3html/test-view/v3-html-standard_en.ftl"): Not found
2022-10-08 09:53:13 DEBUG cache:45 - TemplateLoader.findTemplateSource("v3html/test-view/v3-html-standard.ftl"): Found
2022-10-08 09:53:13 DEBUG cache:45 - Loading template for "v3html/test-view/v3-html-standard.ftl"("en", UTF-8, parsed) from "jar:file:/C:/Users/HOSSAM%20DARWISH/.m2/repository/com/aventstack/extentreports/4.0.9/extentreports-4.0.9.jar!/com/aventstack/extentreports/view/v3html/test-view/v3-html-standard.ftl"
2022-10-08 09:53:13 DEBUG cache:45 - "v3html/test-view/v3-html-standard.ftl"("en", UTF-8, parsed) cached copy not yet stale; using cached.
2022-10-08 09:53:13 DEBUG cache:45 - "v3html/test-view/v3-html-standard.ftl"("en", UTF-8, parsed) cached copy not yet stale; using cached.
2022-10-08 09:53:13 DEBUG cache:45 - "v3html/test-view/v3-html-standard.ftl"("en", UTF-8, parsed) cached copy not yet stale; using cached.
2022-10-08 09:53:13 DEBUG cache:45 - "v3html/test-view/v3-html-standard.ftl"("en", UTF-8, parsed) cached copy not yet stale; using cached.
2022-10-08 09:53:13 DEBUG cache:45 - "v3html/test-view/v3-html-standard.ftl"("en", UTF-8, parsed) cached copy not yet stale; using cached.
2022-10-08 09:53:13 DEBUG cache:45 - "v3html/test-view/v3-html-standard.ftl"("en", UTF-8, parsed) cached copy not yet stale; using cached.
2022-10-08 09:53:13 DEBUG cache:45 - "v3html/test-view/v3-html-standard.ftl"("en", UTF-8, parsed) cached copy not yet stale; using cached.
2022-10-08 09:53:13 DEBUG cache:45 - "v3html/test-view/v3-html-standard.ftl"("en", UTF-8, parsed) cached copy not yet stale; using cached.
2022-10-08 09:53:13 DEBUG cache:45 - "v3html/test-view/v3-html-standard.ftl"("en", UTF-8, parsed) cached copy not yet stale; using cached.
2022-10-08 09:53:13 DEBUG cache:45 - "v3html/test-view/v3-html-standard.ftl"("en", UTF-8, parsed) cached copy not yet stale; using cached.
2022-10-08 09:53:13 DEBUG cache:45 - "v3html/test-view/v3-html-standard.ftl"("en", UTF-8, parsed) cached copy not yet stale; using cached.
2022-10-08 09:53:13 DEBUG cache:45 - "v3html/test-view/v3-html-standard.ftl"("en", UTF-8, parsed) cached copy not yet stale; using cached.
2022-10-08 09:53:13 DEBUG cache:45 - "v3html/test-view/v3-html-standard.ftl"("en", UTF-8, parsed) cached copy not yet stale; using cached.
2022-10-08 09:53:13 DEBUG cache:45 - "v3html/test-view/v3-html-standard.ftl"("en", UTF-8, parsed) cached copy not yet stale; using cached.
2022-10-08 09:53:13 DEBUG cache:45 - "v3html/test-view/v3-html-standard.ftl"("en", UTF-8, parsed) cached copy not yet stale; using cached.
2022-10-08 09:53:13 DEBUG cache:45 - Couldn't find template in cache for "v3html/category-view/v3-html-category-view.ftl"("en", UTF-8, parsed); will try to load it.
2022-10-08 09:53:13 DEBUG cache:45 - TemplateLoader.findTemplateSource("v3html/category-view/v3-html-category-view_en.ftl"): Not found
2022-10-08 09:53:13 DEBUG cache:45 - TemplateLoader.findTemplateSource("v3html/category-view/v3-html-category-view.ftl"): Found
2022-10-08 09:53:13 DEBUG cache:45 - Loading template for "v3html/category-view/v3-html-category-view.ftl"("en", UTF-8, parsed) from "jar:file:/C:/Users/HOSSAM%20DARWISH/.m2/repository/com/aventstack/extentreports/4.0.9/extentreports-4.0.9.jar!/com/aventstack/extentreports/view/v3html/category-view/v3-html-category-view.ftl"
2022-10-08 09:53:13 DEBUG cache:45 - Couldn't find template in cache for "v3html/exception-view/v3-html-exception-view.ftl"("en", UTF-8, parsed); will try to load it.
2022-10-08 09:53:13 DEBUG cache:45 - TemplateLoader.findTemplateSource("v3html/exception-view/v3-html-exception-view_en.ftl"): Not found
2022-10-08 09:53:13 DEBUG cache:45 - TemplateLoader.findTemplateSource("v3html/exception-view/v3-html-exception-view.ftl"): Found
2022-10-08 09:53:13 DEBUG cache:45 - Loading template for "v3html/exception-view/v3-html-exception-view.ftl"("en", UTF-8, parsed) from "jar:file:/C:/Users/HOSSAM%20DARWISH/.m2/repository/com/aventstack/extentreports/4.0.9/extentreports-4.0.9.jar!/com/aventstack/extentreports/view/v3html/exception-view/v3-html-exception-view.ftl"
2022-10-08 09:53:13 DEBUG cache:45 - Couldn't find template in cache for "v3html/author-view/v3-html-author-view.ftl"("en", UTF-8, parsed); will try to load it.
2022-10-08 09:53:13 DEBUG cache:45 - TemplateLoader.findTemplateSource("v3html/author-view/v3-html-author-view_en.ftl"): Not found
2022-10-08 09:53:13 DEBUG cache:45 - TemplateLoader.findTemplateSource("v3html/author-view/v3-html-author-view.ftl"): Found
2022-10-08 09:53:13 DEBUG cache:45 - Loading template for "v3html/author-view/v3-html-author-view.ftl"("en", UTF-8, parsed) from "jar:file:/C:/Users/HOSSAM%20DARWISH/.m2/repository/com/aventstack/extentreports/4.0.9/extentreports-4.0.9.jar!/com/aventstack/extentreports/view/v3html/author-view/v3-html-author-view.ftl"
2022-10-08 09:53:13 DEBUG cache:45 - Couldn't find template in cache for "v3html/dashboard-view/v3-html-dashboard-view.ftl"("en", UTF-8, parsed); will try to load it.
2022-10-08 09:53:13 DEBUG cache:45 - TemplateLoader.findTemplateSource("v3html/dashboard-view/v3-html-dashboard-view_en.ftl"): Not found
2022-10-08 09:53:13 DEBUG cache:45 - TemplateLoader.findTemplateSource("v3html/dashboard-view/v3-html-dashboard-view.ftl"): Found
2022-10-08 09:53:13 DEBUG cache:45 - Loading template for "v3html/dashboard-view/v3-html-dashboard-view.ftl"("en", UTF-8, parsed) from "jar:file:/C:/Users/HOSSAM%20DARWISH/.m2/repository/com/aventstack/extentreports/4.0.9/extentreports-4.0.9.jar!/com/aventstack/extentreports/view/v3html/dashboard-view/v3-html-dashboard-view.ftl"
2022-10-08 09:53:13 DEBUG cache:45 - Couldn't find template in cache for "v3html/logs-view/v3-html-testrunner-logs-view.ftl"("en", UTF-8, parsed); will try to load it.
2022-10-08 09:53:13 DEBUG cache:45 - TemplateLoader.findTemplateSource("v3html/logs-view/v3-html-testrunner-logs-view_en.ftl"): Not found
2022-10-08 09:53:13 DEBUG cache:45 - TemplateLoader.findTemplateSource("v3html/logs-view/v3-html-testrunner-logs-view.ftl"): Found
2022-10-08 09:53:13 DEBUG cache:45 - Loading template for "v3html/logs-view/v3-html-testrunner-logs-view.ftl"("en", UTF-8, parsed) from "jar:file:/C:/Users/HOSSAM%20DARWISH/.m2/repository/com/aventstack/extentreports/4.0.9/extentreports-4.0.9.jar!/com/aventstack/extentreports/view/v3html/logs-view/v3-html-testrunner-logs-view.ftl"
2022-10-09 14:00:53 INFO  Log:11 - =====================================addToCartTest TEST START=========================================
2022-10-09 14:01:23 INFO  Log:15 - =====================================addToCartTest TEST END=========================================
2022-10-09 14:01:30 INFO  Log:11 - =====================================endToEndTest TEST START=========================================
2022-10-09 14:03:59 INFO  Log:15 - =====================================endToEndTest TEST END=========================================
2022-10-09 14:04:14 INFO  Log:11 - =====================================createAccountTest TEST START=========================================
2022-10-09 14:05:03 INFO  Log:11 - =====================================createAccountTest TEST START=========================================
2022-10-09 14:05:54 INFO  Log:11 - =====================================createAccountTest TEST START=========================================
2022-10-09 14:06:28 DEBUG cache:45 - Couldn't find template in cache for "v3html/v3-html-index.ftl"("en", UTF-8, parsed); will try to load it.
2022-10-09 14:06:28 DEBUG cache:45 - TemplateLoader.findTemplateSource("v3html/v3-html-index_en.ftl"): Not found
2022-10-09 14:06:28 DEBUG cache:45 - TemplateLoader.findTemplateSource("v3html/v3-html-index.ftl"): Found
2022-10-09 14:06:28 DEBUG cache:45 - Loading template for "v3html/v3-html-index.ftl"("en", UTF-8, parsed) from "jar:file:/C:/Users/HOSSAM%20DARWISH/.m2/repository/com/aventstack/extentreports/4.0.9/extentreports-4.0.9.jar!/com/aventstack/extentreports/view/v3html/v3-html-index.ftl"
2022-10-09 14:06:29 DEBUG cache:45 - Couldn't find template in cache for "v3html/v3-html-head.ftl"("en", UTF-8, parsed); will try to load it.
2022-10-09 14:06:29 DEBUG cache:45 - TemplateLoader.findTemplateSource("v3html/v3-html-head_en.ftl"): Not found
2022-10-09 14:06:29 DEBUG cache:45 - TemplateLoader.findTemplateSource("v3html/v3-html-head.ftl"): Found
2022-10-09 14:06:29 DEBUG cache:45 - Loading template for "v3html/v3-html-head.ftl"("en", UTF-8, parsed) from "jar:file:/C:/Users/HOSSAM%20DARWISH/.m2/repository/com/aventstack/extentreports/4.0.9/extentreports-4.0.9.jar!/com/aventstack/extentreports/view/v3html/v3-html-head.ftl"
2022-10-09 14:06:29 DEBUG cache:45 - Couldn't find template in cache for "v3html/v3-html-nav.ftl"("en", UTF-8, parsed); will try to load it.
2022-10-09 14:06:29 DEBUG cache:45 - TemplateLoader.findTemplateSource("v3html/v3-html-nav_en.ftl"): Not found
2022-10-09 14:06:29 DEBUG cache:45 - TemplateLoader.findTemplateSource("v3html/v3-html-nav.ftl"): Found
2022-10-09 14:06:29 DEBUG cache:45 - Loading template for "v3html/v3-html-nav.ftl"("en", UTF-8, parsed) from "jar:file:/C:/Users/HOSSAM%20DARWISH/.m2/repository/com/aventstack/extentreports/4.0.9/extentreports-4.0.9.jar!/com/aventstack/extentreports/view/v3html/v3-html-nav.ftl"
2022-10-09 14:06:29 DEBUG cache:45 - Couldn't find template in cache for "v3html/test-view/v3-html-test-view.ftl"("en", UTF-8, parsed); will try to load it.
2022-10-09 14:06:29 DEBUG cache:45 - TemplateLoader.findTemplateSource("v3html/test-view/v3-html-test-view_en.ftl"): Not found
2022-10-09 14:06:29 DEBUG cache:45 - TemplateLoader.findTemplateSource("v3html/test-view/v3-html-test-view.ftl"): Found
2022-10-09 14:06:29 DEBUG cache:45 - Loading template for "v3html/test-view/v3-html-test-view.ftl"("en", UTF-8, parsed) from "jar:file:/C:/Users/HOSSAM%20DARWISH/.m2/repository/com/aventstack/extentreports/4.0.9/extentreports-4.0.9.jar!/com/aventstack/extentreports/view/v3html/test-view/v3-html-test-view.ftl"
2022-10-09 14:06:29 DEBUG cache:45 - Couldn't find template in cache for "v3html/test-view/v3-html-test-view-charts.ftl"("en", UTF-8, parsed); will try to load it.
2022-10-09 14:06:29 DEBUG cache:45 - TemplateLoader.findTemplateSource("v3html/test-view/v3-html-test-view-charts_en.ftl"): Not found
2022-10-09 14:06:29 DEBUG cache:45 - TemplateLoader.findTemplateSource("v3html/test-view/v3-html-test-view-charts.ftl"): Found
2022-10-09 14:06:29 DEBUG cache:45 - Loading template for "v3html/test-view/v3-html-test-view-charts.ftl"("en", UTF-8, parsed) from "jar:file:/C:/Users/HOSSAM%20DARWISH/.m2/repository/com/aventstack/extentreports/4.0.9/extentreports-4.0.9.jar!/com/aventstack/extentreports/view/v3html/test-view/v3-html-test-view-charts.ftl"
2022-10-09 14:06:29 DEBUG cache:45 - Couldn't find template in cache for "v3html/test-view/v3-html-standard.ftl"("en", UTF-8, parsed); will try to load it.
2022-10-09 14:06:29 DEBUG cache:45 - TemplateLoader.findTemplateSource("v3html/test-view/v3-html-standard_en.ftl"): Not found
2022-10-09 14:06:29 DEBUG cache:45 - TemplateLoader.findTemplateSource("v3html/test-view/v3-html-standard.ftl"): Found
2022-10-09 14:06:29 DEBUG cache:45 - Loading template for "v3html/test-view/v3-html-standard.ftl"("en", UTF-8, parsed) from "jar:file:/C:/Users/HOSSAM%20DARWISH/.m2/repository/com/aventstack/extentreports/4.0.9/extentreports-4.0.9.jar!/com/aventstack/extentreports/view/v3html/test-view/v3-html-standard.ftl"
2022-10-09 14:06:29 DEBUG cache:45 - "v3html/test-view/v3-html-standard.ftl"("en", UTF-8, parsed) cached copy not yet stale; using cached.
2022-10-09 14:06:29 DEBUG cache:45 - "v3html/test-view/v3-html-standard.ftl"("en", UTF-8, parsed) cached copy not yet stale; using cached.
2022-10-09 14:06:29 DEBUG cache:45 - "v3html/test-view/v3-html-standard.ftl"("en", UTF-8, parsed) cached copy not yet stale; using cached.
2022-10-09 14:06:29 DEBUG cache:45 - "v3html/test-view/v3-html-standard.ftl"("en", UTF-8, parsed) cached copy not yet stale; using cached.
2022-10-09 14:06:29 DEBUG cache:45 - "v3html/test-view/v3-html-standard.ftl"("en", UTF-8, parsed) cached copy not yet stale; using cached.
2022-10-09 14:06:29 DEBUG cache:45 - Couldn't find template in cache for "v3html/category-view/v3-html-category-view.ftl"("en", UTF-8, parsed); will try to load it.
2022-10-09 14:06:29 DEBUG cache:45 - TemplateLoader.findTemplateSource("v3html/category-view/v3-html-category-view_en.ftl"): Not found
2022-10-09 14:06:29 DEBUG cache:45 - TemplateLoader.findTemplateSource("v3html/category-view/v3-html-category-view.ftl"): Found
2022-10-09 14:06:29 DEBUG cache:45 - Loading template for "v3html/category-view/v3-html-category-view.ftl"("en", UTF-8, parsed) from "jar:file:/C:/Users/HOSSAM%20DARWISH/.m2/repository/com/aventstack/extentreports/4.0.9/extentreports-4.0.9.jar!/com/aventstack/extentreports/view/v3html/category-view/v3-html-category-view.ftl"
2022-10-09 14:06:29 DEBUG cache:45 - Couldn't find template in cache for "v3html/exception-view/v3-html-exception-view.ftl"("en", UTF-8, parsed); will try to load it.
2022-10-09 14:06:29 DEBUG cache:45 - TemplateLoader.findTemplateSource("v3html/exception-view/v3-html-exception-view_en.ftl"): Not found
2022-10-09 14:06:29 DEBUG cache:45 - TemplateLoader.findTemplateSource("v3html/exception-view/v3-html-exception-view.ftl"): Found
2022-10-09 14:06:29 DEBUG cache:45 - Loading template for "v3html/exception-view/v3-html-exception-view.ftl"("en", UTF-8, parsed) from "jar:file:/C:/Users/HOSSAM%20DARWISH/.m2/repository/com/aventstack/extentreports/4.0.9/extentreports-4.0.9.jar!/com/aventstack/extentreports/view/v3html/exception-view/v3-html-exception-view.ftl"
2022-10-09 14:06:29 DEBUG cache:45 - Couldn't find template in cache for "v3html/author-view/v3-html-author-view.ftl"("en", UTF-8, parsed); will try to load it.
2022-10-09 14:06:29 DEBUG cache:45 - TemplateLoader.findTemplateSource("v3html/author-view/v3-html-author-view_en.ftl"): Not found
2022-10-09 14:06:29 DEBUG cache:45 - TemplateLoader.findTemplateSource("v3html/author-view/v3-html-author-view.ftl"): Found
2022-10-09 14:06:29 DEBUG cache:45 - Loading template for "v3html/author-view/v3-html-author-view.ftl"("en", UTF-8, parsed) from "jar:file:/C:/Users/HOSSAM%20DARWISH/.m2/repository/com/aventstack/extentreports/4.0.9/extentreports-4.0.9.jar!/com/aventstack/extentreports/view/v3html/author-view/v3-html-author-view.ftl"
2022-10-09 14:06:29 DEBUG cache:45 - Couldn't find template in cache for "v3html/dashboard-view/v3-html-dashboard-view.ftl"("en", UTF-8, parsed); will try to load it.
2022-10-09 14:06:29 DEBUG cache:45 - TemplateLoader.findTemplateSource("v3html/dashboard-view/v3-html-dashboard-view_en.ftl"): Not found
2022-10-09 14:06:29 DEBUG cache:45 - TemplateLoader.findTemplateSource("v3html/dashboard-view/v3-html-dashboard-view.ftl"): Found
2022-10-09 14:06:29 DEBUG cache:45 - Loading template for "v3html/dashboard-view/v3-html-dashboard-view.ftl"("en", UTF-8, parsed) from "jar:file:/C:/Users/HOSSAM%20DARWISH/.m2/repository/com/aventstack/extentreports/4.0.9/extentreports-4.0.9.jar!/com/aventstack/extentreports/view/v3html/dashboard-view/v3-html-dashboard-view.ftl"
2022-10-09 14:06:29 DEBUG cache:45 - Couldn't find template in cache for "v3html/logs-view/v3-html-testrunner-logs-view.ftl"("en", UTF-8, parsed); will try to load it.
2022-10-09 14:06:29 DEBUG cache:45 - TemplateLoader.findTemplateSource("v3html/logs-view/v3-html-testrunner-logs-view_en.ftl"): Not found
2022-10-09 14:06:29 DEBUG cache:45 - TemplateLoader.findTemplateSource("v3html/logs-view/v3-html-testrunner-logs-view.ftl"): Found
2022-10-09 14:06:29 DEBUG cache:45 - Loading template for "v3html/logs-view/v3-html-testrunner-logs-view.ftl"("en", UTF-8, parsed) from "jar:file:/C:/Users/HOSSAM%20DARWISH/.m2/repository/com/aventstack/extentreports/4.0.9/extentreports-4.0.9.jar!/com/aventstack/extentreports/view/v3html/logs-view/v3-html-testrunner-logs-view.ftl"
2022-10-27 21:10:41 INFO  Log:11 - =====================================orderHistoryandDetailsTest TEST START=========================================
2022-10-27 21:11:34 INFO  Log:15 - =====================================orderHistoryandDetailsTest TEST END=========================================
2022-10-27 21:11:41 INFO  Log:11 - =====================================orderHistoryandDetailsTest TEST START=========================================
2022-10-27 21:12:10 INFO  Log:11 - =====================================wishListTest TEST START=========================================
2022-10-27 21:38:52 INFO  Log:11 - =====================================orderHistoryandDetailsTest TEST START=========================================
2022-10-27 21:39:01 INFO  Log:15 - =====================================orderHistoryandDetailsTest TEST END=========================================
2022-10-27 21:39:05 INFO  Log:11 - =====================================orderHistoryandDetailsTest TEST START=========================================
2022-10-27 21:39:30 INFO  Log:11 - =====================================wishListTest TEST START=========================================
2022-10-27 21:39:41 INFO  Log:15 - =====================================wishListTest TEST END=========================================
2022-10-27 21:39:47 INFO  Log:11 - =====================================wishListTest TEST START=========================================
2022-10-27 21:40:11 INFO  Log:11 - =====================================productAvailabilityTest TEST START=========================================
2022-10-27 21:40:17 INFO  Log:15 - =====================================productAvailabilityTest TEST END=========================================
2022-10-27 21:40:23 INFO  Log:11 - =====================================verifyLogo TEST START=========================================
2022-10-27 21:40:23 INFO  Log:15 - =====================================verifyLogo TEST END=========================================
2022-10-27 21:40:31 INFO  Log:11 - =====================================verifyTitle TEST START=========================================
2022-10-27 21:40:31 INFO  Log:15 - =====================================verifyTitle TEST END=========================================
2022-10-27 21:40:37 INFO  Log:11 - =====================================loginTest TEST START=========================================
2022-10-27 21:40:37 INFO  Log:22 - user is going to click on SignIn
2022-10-27 21:40:40 INFO  Log:22 - Enter Username and Password
2022-10-27 21:40:45 INFO  Log:22 - Verifying if user is able to login
2022-10-27 21:40:45 INFO  Log:22 - Login is Sucess
2022-10-27 21:40:45 INFO  Log:15 - =====================================loginTest TEST END=========================================
2022-10-27 21:40:51 INFO  Log:11 - =====================================loginTest TEST START=========================================
2022-10-27 21:40:51 INFO  Log:22 - user is going to click on SignIn
2022-10-27 21:40:54 INFO  Log:22 - Enter Username and Password
2022-10-27 21:40:58 INFO  Log:22 - Verifying if user is able to login
2022-10-27 21:40:59 DEBUG cache:45 - Couldn't find template in cache for "v3html/v3-html-index.ftl"("en", UTF-8, parsed); will try to load it.
2022-10-27 21:40:59 DEBUG cache:45 - TemplateLoader.findTemplateSource("v3html/v3-html-index_en.ftl"): Not found
2022-10-27 21:40:59 DEBUG cache:45 - TemplateLoader.findTemplateSource("v3html/v3-html-index.ftl"): Found
2022-10-27 21:40:59 DEBUG cache:45 - Loading template for "v3html/v3-html-index.ftl"("en", UTF-8, parsed) from "jar:file:/C:/Users/HOSSAM%20DARWISH/.m2/repository/com/aventstack/extentreports/4.0.9/extentreports-4.0.9.jar!/com/aventstack/extentreports/view/v3html/v3-html-index.ftl"
2022-10-27 21:40:59 DEBUG cache:45 - Couldn't find template in cache for "v3html/v3-html-head.ftl"("en", UTF-8, parsed); will try to load it.
2022-10-27 21:40:59 DEBUG cache:45 - TemplateLoader.findTemplateSource("v3html/v3-html-head_en.ftl"): Not found
2022-10-27 21:40:59 DEBUG cache:45 - TemplateLoader.findTemplateSource("v3html/v3-html-head.ftl"): Found
2022-10-27 21:40:59 DEBUG cache:45 - Loading template for "v3html/v3-html-head.ftl"("en", UTF-8, parsed) from "jar:file:/C:/Users/HOSSAM%20DARWISH/.m2/repository/com/aventstack/extentreports/4.0.9/extentreports-4.0.9.jar!/com/aventstack/extentreports/view/v3html/v3-html-head.ftl"
2022-10-27 21:40:59 DEBUG cache:45 - Couldn't find template in cache for "v3html/v3-html-nav.ftl"("en", UTF-8, parsed); will try to load it.
2022-10-27 21:40:59 DEBUG cache:45 - TemplateLoader.findTemplateSource("v3html/v3-html-nav_en.ftl"): Not found
2022-10-27 21:40:59 DEBUG cache:45 - TemplateLoader.findTemplateSource("v3html/v3-html-nav.ftl"): Found
2022-10-27 21:40:59 DEBUG cache:45 - Loading template for "v3html/v3-html-nav.ftl"("en", UTF-8, parsed) from "jar:file:/C:/Users/HOSSAM%20DARWISH/.m2/repository/com/aventstack/extentreports/4.0.9/extentreports-4.0.9.jar!/com/aventstack/extentreports/view/v3html/v3-html-nav.ftl"
2022-10-27 21:40:59 DEBUG cache:45 - Couldn't find template in cache for "v3html/test-view/v3-html-test-view.ftl"("en", UTF-8, parsed); will try to load it.
2022-10-27 21:40:59 DEBUG cache:45 - TemplateLoader.findTemplateSource("v3html/test-view/v3-html-test-view_en.ftl"): Not found
2022-10-27 21:40:59 DEBUG cache:45 - TemplateLoader.findTemplateSource("v3html/test-view/v3-html-test-view.ftl"): Found
2022-10-27 21:40:59 DEBUG cache:45 - Loading template for "v3html/test-view/v3-html-test-view.ftl"("en", UTF-8, parsed) from "jar:file:/C:/Users/HOSSAM%20DARWISH/.m2/repository/com/aventstack/extentreports/4.0.9/extentreports-4.0.9.jar!/com/aventstack/extentreports/view/v3html/test-view/v3-html-test-view.ftl"
2022-10-27 21:40:59 DEBUG cache:45 - Couldn't find template in cache for "v3html/test-view/v3-html-test-view-charts.ftl"("en", UTF-8, parsed); will try to load it.
2022-10-27 21:40:59 DEBUG cache:45 - TemplateLoader.findTemplateSource("v3html/test-view/v3-html-test-view-charts_en.ftl"): Not found
2022-10-27 21:40:59 DEBUG cache:45 - TemplateLoader.findTemplateSource("v3html/test-view/v3-html-test-view-charts.ftl"): Found
2022-10-27 21:40:59 DEBUG cache:45 - Loading template for "v3html/test-view/v3-html-test-view-charts.ftl"("en", UTF-8, parsed) from "jar:file:/C:/Users/HOSSAM%20DARWISH/.m2/repository/com/aventstack/extentreports/4.0.9/extentreports-4.0.9.jar!/com/aventstack/extentreports/view/v3html/test-view/v3-html-test-view-charts.ftl"
2022-10-27 21:40:59 DEBUG cache:45 - Couldn't find template in cache for "v3html/test-view/v3-html-standard.ftl"("en", UTF-8, parsed); will try to load it.
2022-10-27 21:40:59 DEBUG cache:45 - TemplateLoader.findTemplateSource("v3html/test-view/v3-html-standard_en.ftl"): Not found
2022-10-27 21:40:59 DEBUG cache:45 - TemplateLoader.findTemplateSource("v3html/test-view/v3-html-standard.ftl"): Found
2022-10-27 21:40:59 DEBUG cache:45 - Loading template for "v3html/test-view/v3-html-standard.ftl"("en", UTF-8, parsed) from "jar:file:/C:/Users/HOSSAM%20DARWISH/.m2/repository/com/aventstack/extentreports/4.0.9/extentreports-4.0.9.jar!/com/aventstack/extentreports/view/v3html/test-view/v3-html-standard.ftl"
2022-10-27 21:40:59 DEBUG cache:45 - "v3html/test-view/v3-html-standard.ftl"("en", UTF-8, parsed) cached copy not yet stale; using cached.
2022-10-27 21:40:59 DEBUG cache:45 - "v3html/test-view/v3-html-standard.ftl"("en", UTF-8, parsed) cached copy not yet stale; using cached.
2022-10-27 21:40:59 DEBUG cache:45 - "v3html/test-view/v3-html-standard.ftl"("en", UTF-8, parsed) cached copy not yet stale; using cached.
2022-10-27 21:40:59 DEBUG cache:45 - "v3html/test-view/v3-html-standard.ftl"("en", UTF-8, parsed) cached copy not yet stale; using cached.
2022-10-27 21:40:59 DEBUG cache:45 - "v3html/test-view/v3-html-standard.ftl"("en", UTF-8, parsed) cached copy not yet stale; using cached.
2022-10-27 21:40:59 DEBUG cache:45 - "v3html/test-view/v3-html-standard.ftl"("en", UTF-8, parsed) cached copy not yet stale; using cached.
2022-10-27 21:40:59 DEBUG cache:45 - "v3html/test-view/v3-html-standard.ftl"("en", UTF-8, parsed) cached copy not yet stale; using cached.
2022-10-27 21:40:59 DEBUG cache:45 - "v3html/test-view/v3-html-standard.ftl"("en", UTF-8, parsed) cached copy not yet stale; using cached.
2022-10-27 21:40:59 DEBUG cache:45 - Couldn't find template in cache for "v3html/category-view/v3-html-category-view.ftl"("en", UTF-8, parsed); will try to load it.
2022-10-27 21:40:59 DEBUG cache:45 - TemplateLoader.findTemplateSource("v3html/category-view/v3-html-category-view_en.ftl"): Not found
2022-10-27 21:40:59 DEBUG cache:45 - TemplateLoader.findTemplateSource("v3html/category-view/v3-html-category-view.ftl"): Found
2022-10-27 21:40:59 DEBUG cache:45 - Loading template for "v3html/category-view/v3-html-category-view.ftl"("en", UTF-8, parsed) from "jar:file:/C:/Users/HOSSAM%20DARWISH/.m2/repository/com/aventstack/extentreports/4.0.9/extentreports-4.0.9.jar!/com/aventstack/extentreports/view/v3html/category-view/v3-html-category-view.ftl"
2022-10-27 21:40:59 DEBUG cache:45 - Couldn't find template in cache for "v3html/exception-view/v3-html-exception-view.ftl"("en", UTF-8, parsed); will try to load it.
2022-10-27 21:40:59 DEBUG cache:45 - TemplateLoader.findTemplateSource("v3html/exception-view/v3-html-exception-view_en.ftl"): Not found
2022-10-27 21:40:59 DEBUG cache:45 - TemplateLoader.findTemplateSource("v3html/exception-view/v3-html-exception-view.ftl"): Found
2022-10-27 21:40:59 DEBUG cache:45 - Loading template for "v3html/exception-view/v3-html-exception-view.ftl"("en", UTF-8, parsed) from "jar:file:/C:/Users/HOSSAM%20DARWISH/.m2/repository/com/aventstack/extentreports/4.0.9/extentreports-4.0.9.jar!/com/aventstack/extentreports/view/v3html/exception-view/v3-html-exception-view.ftl"
2022-10-27 21:40:59 DEBUG cache:45 - Couldn't find template in cache for "v3html/author-view/v3-html-author-view.ftl"("en", UTF-8, parsed); will try to load it.
2022-10-27 21:40:59 DEBUG cache:45 - TemplateLoader.findTemplateSource("v3html/author-view/v3-html-author-view_en.ftl"): Not found
2022-10-27 21:40:59 DEBUG cache:45 - TemplateLoader.findTemplateSource("v3html/author-view/v3-html-author-view.ftl"): Found
2022-10-27 21:40:59 DEBUG cache:45 - Loading template for "v3html/author-view/v3-html-author-view.ftl"("en", UTF-8, parsed) from "jar:file:/C:/Users/HOSSAM%20DARWISH/.m2/repository/com/aventstack/extentreports/4.0.9/extentreports-4.0.9.jar!/com/aventstack/extentreports/view/v3html/author-view/v3-html-author-view.ftl"
2022-10-27 21:40:59 DEBUG cache:45 - Couldn't find template in cache for "v3html/dashboard-view/v3-html-dashboard-view.ftl"("en", UTF-8, parsed); will try to load it.
2022-10-27 21:40:59 DEBUG cache:45 - TemplateLoader.findTemplateSource("v3html/dashboard-view/v3-html-dashboard-view_en.ftl"): Not found
2022-10-27 21:40:59 DEBUG cache:45 - TemplateLoader.findTemplateSource("v3html/dashboard-view/v3-html-dashboard-view.ftl"): Found
2022-10-27 21:40:59 DEBUG cache:45 - Loading template for "v3html/dashboard-view/v3-html-dashboard-view.ftl"("en", UTF-8, parsed) from "jar:file:/C:/Users/HOSSAM%20DARWISH/.m2/repository/com/aventstack/extentreports/4.0.9/extentreports-4.0.9.jar!/com/aventstack/extentreports/view/v3html/dashboard-view/v3-html-dashboard-view.ftl"
2022-10-27 21:40:59 DEBUG cache:45 - Couldn't find template in cache for "v3html/logs-view/v3-html-testrunner-logs-view.ftl"("en", UTF-8, parsed); will try to load it.
2022-10-27 21:40:59 DEBUG cache:45 - TemplateLoader.findTemplateSource("v3html/logs-view/v3-html-testrunner-logs-view_en.ftl"): Not found
2022-10-27 21:40:59 DEBUG cache:45 - TemplateLoader.findTemplateSource("v3html/logs-view/v3-html-testrunner-logs-view.ftl"): Found
2022-10-27 21:40:59 DEBUG cache:45 - Loading template for "v3html/logs-view/v3-html-testrunner-logs-view.ftl"("en", UTF-8, parsed) from "jar:file:/C:/Users/HOSSAM%20DARWISH/.m2/repository/com/aventstack/extentreports/4.0.9/extentreports-4.0.9.jar!/com/aventstack/extentreports/view/v3html/logs-view/v3-html-testrunner-logs-view.ftl"
